30/05/2022, 22:47:27 - INFO - Req was made
30/05/2022, 22:47:27 - DEBUG - Getting Stations
30/05/2022, 22:47:33 - INFO - Req was made
30/05/2022, 22:47:33 - DEBUG - Getting Stations
30/05/2022, 22:47:42 - INFO - Req was made
30/05/2022, 22:47:42 - DEBUG - Getting Stations
30/05/2022, 22:47:43 - INFO - Socket disconnected [id: undefined]
30/05/2022, 22:47:47 - INFO - New connected socket [id: oHbAURfKYVDpLZvTAABB]
30/05/2022, 22:47:48 - INFO - Req was made
30/05/2022, 22:47:48 - DEBUG - Getting Stations
30/05/2022, 22:47:57 - INFO - Req was made
30/05/2022, 22:47:57 - DEBUG - Getting Stations
30/05/2022, 22:48:02 - INFO - Req was made
30/05/2022, 22:48:02 - DEBUG - Getting Stations
30/05/2022, 22:48:18 - INFO - Socket disconnected [id: undefined]
30/05/2022, 22:48:20 - INFO - New connected socket [id: KL50lwARMXbCgcGfAABD]
30/05/2022, 22:48:20 - INFO - Req was made
30/05/2022, 22:48:20 - DEBUG - Getting Stations
30/05/2022, 22:48:28 - INFO - Req was made
30/05/2022, 22:48:28 - DEBUG - Getting Stations
30/05/2022, 22:48:46 - INFO - Req was made
30/05/2022, 22:48:46 - DEBUG - Getting Stations
30/05/2022, 22:50:27 - INFO - Req was made
30/05/2022, 22:50:27 - DEBUG - Getting Stations
30/05/2022, 22:50:32 - INFO - Socket disconnected [id: undefined]
30/05/2022, 22:50:35 - INFO - New connected socket [id: jTP-DDcTzCxoA2vQAABF]
30/05/2022, 22:50:40 - INFO - Req was made
30/05/2022, 22:50:40 - DEBUG - Getting Stations
30/05/2022, 22:50:49 - INFO - Req was made
30/05/2022, 22:50:49 - DEBUG - Getting Stations
30/05/2022, 22:50:55 - INFO - Req was made
30/05/2022, 22:50:55 - DEBUG - Getting Stations
30/05/2022, 22:51:02 - INFO - Req was made
30/05/2022, 22:51:02 - DEBUG - Getting Stations
30/05/2022, 22:51:09 - INFO - Req was made
30/05/2022, 22:51:09 - DEBUG - Getting Stations
30/05/2022, 22:51:18 - INFO - Req was made
30/05/2022, 22:51:18 - DEBUG - Getting Stations
30/05/2022, 22:51:25 - INFO - Req was made
30/05/2022, 22:51:25 - DEBUG - Getting Stations
30/05/2022, 22:53:34 - INFO - Req was made
30/05/2022, 22:53:34 - DEBUG - Getting Stations
30/05/2022, 22:54:20 - INFO - Req was made
30/05/2022, 22:54:20 - DEBUG - Getting Stations
